{"numFailedTestSuites":2,"numFailedTests":0,"numPassedTestSuites":0,"numPassedTests":0,"numPendingTestSuites":0,"numPendingTests":0,"numRuntimeErrorTestSuites":2,"numTodoTests":0,"numTotalTestSuites":2,"numTotalTests":0,"openHandles":[],"snapshot":{"added":0,"didUpdate":false,"failure":false,"filesAdded":0,"filesRemoved":0,"filesRemovedList":[],"filesUnmatched":0,"filesUpdated":0,"matched":0,"total":0,"unchecked":0,"uncheckedKeysByFile":[],"unmatched":0,"updated":0},"startTime":1758577759447,"success":false,"testResults":[{"assertionResults":[],"coverage":{},"endTime":1758577759757,"message":"  ● Test suite failed to run\n\n    Cannot find module '@testing-library/jest-dom' from 'tests/config/jest.setup.js'\n\n      3 | // Mock IntersectionObserver\n      4 | global.IntersectionObserver = class IntersectionObserver {\n    > 5 |   constructor() {}\n        | ^\n      6 |   disconnect() {}\n      7 |   observe() {}\n      8 |   unobserve() {}\n\n      at Resolver._throwModNotFoundError (node_modules/jest-resolve/build/index.js:863:11)\n      at Object.<anonymous> (tests/config/jest.setup.js:5:1)\n","name":"/Users/winzendwyers/Forsight/foresight-web/tests/api/netlify-functions.test.ts","startTime":1758577759757,"status":"failed","summary":""},{"assertionResults":[],"coverage":{},"endTime":1758577759757,"message":"  ● Test suite failed to run\n\n    Cannot find module '@testing-library/jest-dom' from 'tests/config/jest.setup.js'\n\n      3 | // Mock IntersectionObserver\n      4 | global.IntersectionObserver = class IntersectionObserver {\n    > 5 |   constructor() {}\n        | ^\n      6 |   disconnect() {}\n      7 |   observe() {}\n      8 |   unobserve() {}\n\n      at Resolver._throwModNotFoundError (node_modules/jest-resolve/build/index.js:863:11)\n      at Object.<anonymous> (tests/config/jest.setup.js:5:1)\n","name":"/Users/winzendwyers/Forsight/foresight-web/tests/unit/api.test.ts","startTime":1758577759757,"status":"failed","summary":""}],"wasInterrupted":false}
