<testsuites id="" name="" tests="9" failures="6" skipped="0" errors="0" time="34.756269">
<testsuite name="homepage.spec.ts" timestamp="2025-09-23T22:34:57.001Z" hostname="chromium" tests="9" failures="6" skipped="0" time="100.81" errors="0">
<testcase name="Homepage - UI Components and Navigation › should load homepage with correct title and meta information" classname="homepage.spec.ts" time="2.837">
</testcase>
<testcase name="Homepage - UI Components and Navigation › should display forecast form with all required fields" classname="homepage.spec.ts" time="11.867">
<failure message="homepage.spec.ts:19:7 should display forecast form with all required fields" type="FAILURE">
<![CDATA[  [chromium] › homepage.spec.ts:19:7 › Homepage - UI Components and Navigation › should display forecast form with all required fields 

    Error: expect(locator).toBeVisible() failed

    Locator:  locator('button:has-text("Start Forecast")')
    Expected: visible
    Received: <element(s) not found>
    Timeout:  10000ms

    Call log:
      - Expect "toBeVisible" with timeout 10000ms
      - waiting for locator('button:has-text("Start Forecast")')


      37 |     // Check submit button
      38 |     const submitButton = page.locator('button:has-text("Start Forecast")')
    > 39 |     await expect(submitButton).toBeVisible()
         |                                ^
      40 |     await expect(submitButton).toBeEnabled()
      41 |   })
      42 |
        at /Users/winzendwyers/Forsight/foresight-web/tests/e2e/homepage.spec.ts:39:32

    attachment #1: screenshot (image/png) ──────────────────────────────────────────────────────────
    ../reports/test-results/homepage-Homepage---UI-Com-c969b-rm-with-all-required-fields-chromium/test-failed-1.png
    ────────────────────────────────────────────────────────────────────────────────────────────────

    attachment #2: video (video/webm) ──────────────────────────────────────────────────────────────
    ../reports/test-results/homepage-Homepage---UI-Com-c969b-rm-with-all-required-fields-chromium/video.webm
    ────────────────────────────────────────────────────────────────────────────────────────────────

    Error Context: ../reports/test-results/homepage-Homepage---UI-Com-c969b-rm-with-all-required-fields-chromium/error-context.md
]]>
</failure>
<system-out>
<![CDATA[
[[ATTACHMENT|test-results/homepage-Homepage---UI-Com-c969b-rm-with-all-required-fields-chromium/test-failed-1.png]]

[[ATTACHMENT|test-results/homepage-Homepage---UI-Com-c969b-rm-with-all-required-fields-chromium/video.webm]]

[[ATTACHMENT|test-results/homepage-Homepage---UI-Com-c969b-rm-with-all-required-fields-chromium/error-context.md]]
]]>
</system-out>
</testcase>
<testcase name="Homepage - UI Components and Navigation › should display model selection interface" classname="homepage.spec.ts" time="12.517">
<failure message="homepage.spec.ts:43:7 should display model selection interface" type="FAILURE">
<![CDATA[  [chromium] › homepage.spec.ts:43:7 › Homepage - UI Components and Navigation › should display model selection interface 

    Error: expect(locator).toBeVisible() failed

    Locator:  locator('text=Select AI Models')
    Expected: visible
    Received: <element(s) not found>
    Timeout:  10000ms

    Call log:
      - Expect "toBeVisible" with timeout 10000ms
      - waiting for locator('text=Select AI Models')


      44 |     // Check for "Select AI Models" text
      45 |     const modelLabel = page.locator('text=Select AI Models')
    > 46 |     await expect(modelLabel).toBeVisible()
         |                              ^
      47 |
      48 |     // Check for "Iterations per Model" text
      49 |     const iterationsLabel = page.locator('text=Iterations per Model')
        at /Users/winzendwyers/Forsight/foresight-web/tests/e2e/homepage.spec.ts:46:30

    attachment #1: screenshot (image/png) ──────────────────────────────────────────────────────────
    ../reports/test-results/homepage-Homepage---UI-Com-ebf2a-y-model-selection-interface-chromium/test-failed-1.png
    ────────────────────────────────────────────────────────────────────────────────────────────────

    attachment #2: video (video/webm) ──────────────────────────────────────────────────────────────
    ../reports/test-results/homepage-Homepage---UI-Com-ebf2a-y-model-selection-interface-chromium/video.webm
    ────────────────────────────────────────────────────────────────────────────────────────────────

    Error Context: ../reports/test-results/homepage-Homepage---UI-Com-ebf2a-y-model-selection-interface-chromium/error-context.md
]]>
</failure>
<system-out>
<![CDATA[
[[ATTACHMENT|test-results/homepage-Homepage---UI-Com-ebf2a-y-model-selection-interface-chromium/test-failed-1.png]]

[[ATTACHMENT|test-results/homepage-Homepage---UI-Com-ebf2a-y-model-selection-interface-chromium/video.webm]]

[[ATTACHMENT|test-results/homepage-Homepage---UI-Com-ebf2a-y-model-selection-interface-chromium/error-context.md]]
]]>
</system-out>
</testcase>
<testcase name="Homepage - UI Components and Navigation › should show responsive design on different screen sizes" classname="homepage.spec.ts" time="3.193">
</testcase>
<testcase name="Homepage - UI Components and Navigation › should display error states for empty form submission" classname="homepage.spec.ts" time="32.529">
<failure message="homepage.spec.ts:79:7 should display error states for empty form submission" type="FAILURE">
<![CDATA[  [chromium] › homepage.spec.ts:79:7 › Homepage - UI Components and Navigation › should display error states for empty form submission 

    TimeoutError: locator.click: Timeout 30000ms exceeded.
    Call log:
      - waiting for locator('button[type="submit"], button:has-text("Start Forecast")')


      80 |     // Try to submit empty form
      81 |     const submitButton = page.locator('button[type="submit"], button:has-text("Start Forecast")')
    > 82 |     await submitButton.click()
         |                        ^
      83 |
      84 |     // Wait for potential error messages
      85 |     await page.waitForTimeout(1000)
        at /Users/winzendwyers/Forsight/foresight-web/tests/e2e/homepage.spec.ts:82:24

    attachment #1: screenshot (image/png) ──────────────────────────────────────────────────────────
    ../reports/test-results/homepage-Homepage---UI-Com-519bb-s-for-empty-form-submission-chromium/test-failed-1.png
    ────────────────────────────────────────────────────────────────────────────────────────────────

    attachment #2: video (video/webm) ──────────────────────────────────────────────────────────────
    ../reports/test-results/homepage-Homepage---UI-Com-519bb-s-for-empty-form-submission-chromium/video.webm
    ────────────────────────────────────────────────────────────────────────────────────────────────

    Error Context: ../reports/test-results/homepage-Homepage---UI-Com-519bb-s-for-empty-form-submission-chromium/error-context.md
]]>
</failure>
<system-out>
<![CDATA[
[[ATTACHMENT|test-results/homepage-Homepage---UI-Com-519bb-s-for-empty-form-submission-chromium/test-failed-1.png]]

[[ATTACHMENT|test-results/homepage-Homepage---UI-Com-519bb-s-for-empty-form-submission-chromium/video.webm]]

[[ATTACHMENT|test-results/homepage-Homepage---UI-Com-519bb-s-for-empty-form-submission-chromium/error-context.md]]
]]>
</system-out>
</testcase>
<testcase name="Homepage - UI Components and Navigation › should handle loading states appropriately" classname="homepage.spec.ts" time="32.395">
<failure message="homepage.spec.ts:101:7 should handle loading states appropriately" type="FAILURE">
<![CDATA[  [chromium] › homepage.spec.ts:101:7 › Homepage - UI Components and Navigation › should handle loading states appropriately 

    TimeoutError: locator.click: Timeout 30000ms exceeded.
    Call log:
      - waiting for locator('button[type="submit"], button:has-text("Start Forecast")')


      112 |     // Submit form and check for loading indicators
      113 |     const submitButton = page.locator('button[type="submit"], button:has-text("Start Forecast")')
    > 114 |     await submitButton.click()
          |                        ^
      115 |
      116 |     // Check for loading states
      117 |     const loadingIndicators = page.locator('.loading, .spinner, text=Processing, text=Loading, [data-testid="loading"]')
        at /Users/winzendwyers/Forsight/foresight-web/tests/e2e/homepage.spec.ts:114:24

    attachment #1: screenshot (image/png) ──────────────────────────────────────────────────────────
    ../reports/test-results/homepage-Homepage---UI-Com-0504b-oading-states-appropriately-chromium/test-failed-1.png
    ────────────────────────────────────────────────────────────────────────────────────────────────

    attachment #2: video (video/webm) ──────────────────────────────────────────────────────────────
    ../reports/test-results/homepage-Homepage---UI-Com-0504b-oading-states-appropriately-chromium/video.webm
    ────────────────────────────────────────────────────────────────────────────────────────────────

    Error Context: ../reports/test-results/homepage-Homepage---UI-Com-0504b-oading-states-appropriately-chromium/error-context.md
]]>
</failure>
<system-out>
<![CDATA[
[[ATTACHMENT|test-results/homepage-Homepage---UI-Com-0504b-oading-states-appropriately-chromium/test-failed-1.png]]

[[ATTACHMENT|test-results/homepage-Homepage---UI-Com-0504b-oading-states-appropriately-chromium/video.webm]]

[[ATTACHMENT|test-results/homepage-Homepage---UI-Com-0504b-oading-states-appropriately-chromium/error-context.md]]
]]>
</system-out>
</testcase>
<testcase name="Homepage - UI Components and Navigation › should display branding and footer information" classname="homepage.spec.ts" time="1.533">
<failure message="homepage.spec.ts:126:7 should display branding and footer information" type="FAILURE">
<![CDATA[  [chromium] › homepage.spec.ts:126:7 › Homepage - UI Components and Navigation › should display branding and footer information 

    Error: expect.toBeVisible: Unexpected token "=" while parsing css selector "h1, .logo, text=Foresight Analyzer". Did you mean to CSS.escape it?
    Call log:
      - Expect "toBeVisible" with timeout 10000ms
      - waiting for h1, .logo, text=Foresight Analyzer


      126 |   test('should display branding and footer information', async ({ page }) => {
      127 |     // Check for main branding elements
    > 128 |     await expect(page.locator('h1, .logo, text=Foresight Analyzer')).toBeVisible()
          |                                                                      ^
      129 |
      130 |     // Scroll to bottom to check footer
      131 |     await page.evaluate(() => window.scrollTo(0, document.body.scrollHeight))
        at /Users/winzendwyers/Forsight/foresight-web/tests/e2e/homepage.spec.ts:128:70

    attachment #1: screenshot (image/png) ──────────────────────────────────────────────────────────
    ../reports/test-results/homepage-Homepage---UI-Com-1c5b4-ding-and-footer-information-chromium/test-failed-1.png
    ────────────────────────────────────────────────────────────────────────────────────────────────

    attachment #2: video (video/webm) ──────────────────────────────────────────────────────────────
    ../reports/test-results/homepage-Homepage---UI-Com-1c5b4-ding-and-footer-information-chromium/video.webm
    ────────────────────────────────────────────────────────────────────────────────────────────────

    Error Context: ../reports/test-results/homepage-Homepage---UI-Com-1c5b4-ding-and-footer-information-chromium/error-context.md
]]>
</failure>
<system-out>
<![CDATA[
[[ATTACHMENT|test-results/homepage-Homepage---UI-Com-1c5b4-ding-and-footer-information-chromium/test-failed-1.png]]

[[ATTACHMENT|test-results/homepage-Homepage---UI-Com-1c5b4-ding-and-footer-information-chromium/video.webm]]

[[ATTACHMENT|test-results/homepage-Homepage---UI-Com-1c5b4-ding-and-footer-information-chromium/error-context.md]]
]]>
</system-out>
</testcase>
<testcase name="Homepage - UI Components and Navigation › should handle accessibility features" classname="homepage.spec.ts" time="0.892">
<failure message="homepage.spec.ts:143:7 should handle accessibility features" type="FAILURE">
<![CDATA[  [chromium] › homepage.spec.ts:143:7 › Homepage - UI Components and Navigation › should handle accessibility features 

    Error: expect(received).toBeTruthy()

    Received: false

      159 |       const isVisible = await input.isVisible()
      160 |       if (isVisible) {
    > 161 |         expect(hasLabel).toBeTruthy()
          |                          ^
      162 |       }
      163 |     }
      164 |
        at /Users/winzendwyers/Forsight/foresight-web/tests/e2e/homepage.spec.ts:161:26

    attachment #1: screenshot (image/png) ──────────────────────────────────────────────────────────
    ../reports/test-results/homepage-Homepage---UI-Com-2edac-ndle-accessibility-features-chromium/test-failed-1.png
    ────────────────────────────────────────────────────────────────────────────────────────────────

    attachment #2: video (video/webm) ──────────────────────────────────────────────────────────────
    ../reports/test-results/homepage-Homepage---UI-Com-2edac-ndle-accessibility-features-chromium/video.webm
    ────────────────────────────────────────────────────────────────────────────────────────────────

    Error Context: ../reports/test-results/homepage-Homepage---UI-Com-2edac-ndle-accessibility-features-chromium/error-context.md
]]>
</failure>
<system-out>
<![CDATA[
[[ATTACHMENT|test-results/homepage-Homepage---UI-Com-2edac-ndle-accessibility-features-chromium/test-failed-1.png]]

[[ATTACHMENT|test-results/homepage-Homepage---UI-Com-2edac-ndle-accessibility-features-chromium/video.webm]]

[[ATTACHMENT|test-results/homepage-Homepage---UI-Com-2edac-ndle-accessibility-features-chromium/error-context.md]]
]]>
</system-out>
</testcase>
<testcase name="Homepage - UI Components and Navigation › should maintain consistent styling and layout" classname="homepage.spec.ts" time="3.047">
</testcase>
</testsuite>
</testsuites>